

Microchip MPLAB XC8 Assembler V2.10 build 88905656 
                                                                                               Sat Sep 14 00:24:37 2019

Microchip MPLAB XC8 C Compiler v2.10 (Free license) build 20190730164152 Og1 
     1                           	processor	18F4620
     2                           	fnconf	rparam,??,?,0
     3                           	opt	pw 120
     4                           	opt	flic
     5                           	psect	cinit,global,reloc=2,class=CODE,delta=1
     6                           	psect	cstackCOMRAM,global,class=COMRAM,space=1,delta=1,noexec
     7                           	psect	text0,global,reloc=2,class=CODE,delta=1
     8                           	psect	intsave_regs,global,class=BIGRAM,space=1,delta=1,noexec
     9                           	psect	rparam,global,class=COMRAM,space=1,delta=1,noexec
    10  0000                     
    11                           ; Version 2.10
    12                           ; Generated 31/07/2019 GMT
    13                           ; 
    14                           ; Copyright © 2019, Microchip Technology Inc. and its subsidiaries ("Microchip")
    15                           ; All rights reserved.
    16                           ; 
    17                           ; This software is developed by Microchip Technology Inc. and its subsidiaries ("Microch
      +                          ip").
    18                           ; 
    19                           ; Redistribution and use in source and binary forms, with or without modification, are
    20                           ; permitted provided that the following conditions are met:
    21                           ; 
    22                           ;     1. Redistributions of source code must retain the above copyright notice, this lis
      +                          t of
    23                           ;        conditions and the following disclaimer.
    24                           ; 
    25                           ;     2. Redistributions in binary form must reproduce the above copyright notice, this 
      +                          list
    26                           ;        of conditions and the following disclaimer in the documentation and/or other
    27                           ;        materials provided with the distribution.
    28                           ; 
    29                           ;     3. Microchip's name may not be used to endorse or promote products derived from th
      +                          is
    30                           ;        software without specific prior written permission.
    31                           ; 
    32                           ; THIS SOFTWARE IS PROVIDED BY MICROCHIP "AS IS" AND ANY EXPRESS OR IMPLIED WARRANTIES,
    33                           ; INCLUDING, BUT NOT LIMITED TO, THE IMPLIED WARRANTIES OF MERCHANTABILITY AND FITNESS F
      +                          OR
    34                           ; PURPOSE ARE DISCLAIMED.  IN NO EVENT SHALL MICROCHIP BE LIABLE FOR ANY DIRECT, INDIREC
      +                          T,
    35                           ; INCIDENTAL, SPECIAL, EXEMPLARY, OR CONSEQUENTIAL DAMAGES (INCLUDING BUT NOT LIMITED TO
    36                           ; PROCUREMENT OF SUBSTITUTE GOODS OR SERVICES; LOSS OF USE, DATA OR PROFITS; OR BUSINESS
    37                           ; INTERRUPTION) HOWSOEVER CAUSED AND ON ANY THEORY OF LIABILITY, WHETHER IN CONTRACT, ST
      +                          RICT
    38                           ; LIABILITY, OR TORT (INCLUDING NEGLIGENCE OR OTHERWISE) ARISING IN ANY WAY OUT OF THE U
      +                          SE OF
    39                           ; THIS SOFTWARE, EVEN IF ADVISED OF THE POSSIBILITY OF SUCH DAMAGE.
    40                           ; 
    41                           ; 
    42                           ; Code-generator required, PIC18F4620 Definitions
    43                           ; 
    44                           ; SFR Addresses
    45  0000                     _LATDbits	set	3980
    46  0000                     _TRISD	set	3989
    47  0000                     _TRISB	set	3987
    48                           
    49                           ; #config settings
    50  0000                     
    51                           	psect	cinit
    52  00FCB8                     __pcinit:
    53                           	opt callstack 0
    54  00FCB8                     start_initialization:
    55                           	opt callstack 0
    56  00FCB8                     __initialization:
    57                           	opt callstack 0
    58  00FCB8                     end_of_initialization:
    59                           	opt callstack 0
    60  00FCB8                     __end_of__initialization:
    61                           	opt callstack 0
    62  00FCB8  0100               	movlb	0
    63  00FCBA  EF5F  F07E         	goto	_main	;jump to C main() function
    64                           
    65                           	psect	cstackCOMRAM
    66  000001                     __pcstackCOMRAM:
    67                           	opt callstack 0
    68  000001                     ??_main:
    69                           
    70                           ; 1 bytes @ 0x0
    71  000001                     	ds	2
    72                           
    73 ;;
    74 ;;Main: autosize = 0, tempsize = 2, incstack = 0, save=0
    75 ;;
    76 ;; *************** function _main *****************
    77 ;; Defined at:
    78 ;;		line 26 in file "main.c"
    79 ;; Parameters:    Size  Location     Type
    80 ;;		None
    81 ;; Auto vars:     Size  Location     Type
    82 ;;		None
    83 ;; Return value:  Size  Location     Type
    84 ;;                  1    wreg      void 
    85 ;; Registers used:
    86 ;;		wreg, status,2, status,0
    87 ;; Tracked objects:
    88 ;;		On entry : 0/0
    89 ;;		On exit  : 0/0
    90 ;;		Unchanged: 0/0
    91 ;; Data sizes:     COMRAM   BANK0   BANK1   BANK2   BANK3   BANK4   BANK5   BANK6   BANK7   BANK8   BANK9  BANK10  BANK1
      +1  BANK12  BANK13  BANK14  BANK15
    92 ;;      Params:         0       0       0       0       0       0       0       0       0       0       0       0       
      +0       0       0       0       0
    93 ;;      Locals:         0       0       0       0       0       0       0       0       0       0       0       0       
      +0       0       0       0       0
    94 ;;      Temps:          2       0       0       0       0       0       0       0       0       0       0       0       
      +0       0       0       0       0
    95 ;;      Totals:         2       0       0       0       0       0       0       0       0       0       0       0       
      +0       0       0       0       0
    96 ;;Total ram usage:        2 bytes
    97 ;; This function calls:
    98 ;;		Nothing
    99 ;; This function is called by:
   100 ;;		Startup code after reset
   101 ;; This function uses a non-reentrant model
   102 ;;
   103                           
   104                           	psect	text0
   105  00FCBE                     __ptext0:
   106                           	opt callstack 0
   107  00FCBE                     _main:
   108                           	opt callstack 31
   109  00FCBE                     
   110                           ;main.c: 44:     TRISB = 0xFF;
   111  00FCBE  6893               	setf	147,c	;volatile
   112  00FCC0                     
   113                           ;main.c: 45:     TRISD = 0xF3;
   114  00FCC0  0EF3               	movlw	243
   115  00FCC2  6E95               	movwf	149,c	;volatile
   116  00FCC4                     
   117                           ;main.c: 46:     LATDbits.LATD2 = 0;
   118  00FCC4  948C               	bcf	140,2,c	;volatile
   119  00FCC6                     
   120                           ;main.c: 47:     LATDbits.LATD3 = 1;
   121  00FCC6  868C               	bsf	140,3,c	;volatile
   122  00FCC8                     l699:
   123                           
   124                           ;main.c: 50:     LATDbits.LATD2 = ~LATDbits.LATD2;
   125  00FCC8  B48C               	btfsc	140,2,c	;volatile
   126  00FCCA  EF69  F07E         	goto	u11
   127  00FCCE  EF6C  F07E         	goto	u10
   128  00FCD2                     u11:
   129  00FCD2  0E01               	movlw	1
   130  00FCD4  EF6D  F07E         	goto	u16
   131  00FCD8                     u10:
   132  00FCD8  0E00               	movlw	0
   133  00FCDA                     u16:
   134  00FCDA  0AFF               	xorlw	255
   135  00FCDC  6E01               	movwf	??_main^0,c
   136  00FCDE  4601               	rlncf	??_main^0,f,c
   137  00FCE0  4601               	rlncf	??_main^0,f,c
   138  00FCE2  508C               	movf	140,w,c	;volatile
   139  00FCE4  1801               	xorwf	??_main^0,w,c
   140  00FCE6  0BFB               	andlw	-5
   141  00FCE8  1801               	xorwf	??_main^0,w,c
   142  00FCEA  6E8C               	movwf	140,c	;volatile
   143  00FCEC                     
   144                           ;main.c: 51:     LATDbits.LATD3 = ~LATDbits.LATD3;
   145  00FCEC  B68C               	btfsc	140,3,c	;volatile
   146  00FCEE  EF7B  F07E         	goto	u21
   147  00FCF2  EF7E  F07E         	goto	u20
   148  00FCF6                     u21:
   149  00FCF6  0E01               	movlw	1
   150  00FCF8  EF7F  F07E         	goto	u26
   151  00FCFC                     u20:
   152  00FCFC  0E00               	movlw	0
   153  00FCFE                     u26:
   154  00FCFE  0AFF               	xorlw	255
   155  00FD00  6E01               	movwf	??_main^0,c
   156  00FD02  4601               	rlncf	??_main^0,f,c
   157  00FD04  4601               	rlncf	??_main^0,f,c
   158  00FD06  4601               	rlncf	??_main^0,f,c
   159  00FD08  508C               	movf	140,w,c	;volatile
   160  00FD0A  1801               	xorwf	??_main^0,w,c
   161  00FD0C  0BF7               	andlw	-9
   162  00FD0E  1801               	xorwf	??_main^0,w,c
   163  00FD10  6E8C               	movwf	140,c	;volatile
   164  00FD12                     
   165                           ;main.c: 52:     _delay((unsigned long)((500)*(16000000/4000.0)));
   166  00FD12  0E0B               	movlw	11
   167  00FD14  6E02               	movwf	(??_main+1)^0,c
   168  00FD16  0E26               	movlw	38
   169  00FD18  6E01               	movwf	??_main^0,c
   170  00FD1A  0E5E               	movlw	94
   171  00FD1C                     u37:
   172  00FD1C  2EE8               	decfsz	wreg,f,c
   173  00FD1E  D7FE               	bra	u37
   174  00FD20  2E01               	decfsz	??_main^0,f,c
   175  00FD22  D7FC               	bra	u37
   176  00FD24  2E02               	decfsz	(??_main+1)^0,f,c
   177  00FD26  D7FA               	bra	u37
   178                           
   179                           ;main.c: 53:     }while(1);
   180  00FD28  EF64  F07E         	goto	l699
   181  00FD2C  EF00  F000         	goto	start
   182  00FD30                     __end_of_main:
   183                           	opt callstack 0
   184  0000                     
   185                           	psect	rparam
   186  0000                     tosu	equ	0xFFF
   187                           tosh	equ	0xFFE
   188                           tosl	equ	0xFFD
   189                           stkptr	equ	0xFFC
   190                           pclatu	equ	0xFFB
   191                           pclath	equ	0xFFA
   192                           pcl	equ	0xFF9
   193                           tblptru	equ	0xFF8
   194                           tblptrh	equ	0xFF7
   195                           tblptrl	equ	0xFF6
   196                           tablat	equ	0xFF5
   197                           prodh	equ	0xFF4
   198                           prodl	equ	0xFF3
   199                           indf0	equ	0xFEF
   200                           postinc0	equ	0xFEE
   201                           postdec0	equ	0xFED
   202                           preinc0	equ	0xFEC
   203                           plusw0	equ	0xFEB
   204                           fsr0h	equ	0xFEA
   205                           fsr0l	equ	0xFE9
   206                           wreg	equ	0xFE8
   207                           indf1	equ	0xFE7
   208                           postinc1	equ	0xFE6
   209                           postdec1	equ	0xFE5
   210                           preinc1	equ	0xFE4
   211                           plusw1	equ	0xFE3
   212                           fsr1h	equ	0xFE2
   213                           fsr1l	equ	0xFE1
   214                           bsr	equ	0xFE0
   215                           indf2	equ	0xFDF
   216                           postinc2	equ	0xFDE
   217                           postdec2	equ	0xFDD
   218                           preinc2	equ	0xFDC
   219                           plusw2	equ	0xFDB
   220                           fsr2h	equ	0xFDA
   221                           fsr2l	equ	0xFD9
   222                           status	equ	0xFD8


Data Sizes:
    Strings     0
    Constant    0
    Data        0
    BSS         0
    Persistent  0
    Stack       0

Auto Spaces:
    Space          Size  Autos    Used
    COMRAM          127      2       2
    BANK0           128      0       0
    BANK1           256      0       0
    BANK2           256      0       0
    BANK3           256      0       0
    BANK4           256      0       0
    BANK5           256      0       0
    BANK6           256      0       0
    BANK7           256      0       0
    BANK8           256      0       0
    BANK9           256      0       0
    BANK10          256      0       0
    BANK11          256      0       0
    BANK12          256      0       0
    BANK13          256      0       0
    BANK14          244      0       0
    BANK15          128      0       0

Pointer List with Targets:

    None.

Critical Paths under _main in COMRAM

    None.

Critical Paths under _main in BANK0

    None.

Critical Paths under _main in BANK1

    None.

Critical Paths under _main in BANK2

    None.

Critical Paths under _main in BANK3

    None.

Critical Paths under _main in BANK4

    None.

Critical Paths under _main in BANK5

    None.

Critical Paths under _main in BANK6

    None.

Critical Paths under _main in BANK7

    None.

Critical Paths under _main in BANK8

    None.

Critical Paths under _main in BANK9

    None.

Critical Paths under _main in BANK10

    None.

Critical Paths under _main in BANK11

    None.

Critical Paths under _main in BANK12

    None.

Critical Paths under _main in BANK13

    None.

Critical Paths under _main in BANK14

    None.

Critical Paths under _main in BANK15

    None.

Call Graph Tables:

 ---------------------------------------------------------------------------------
 (Depth) Function   	        Calls       Base Space   Used Autos Params    Refs
 ---------------------------------------------------------------------------------
 (0) _main                                                 2     2      0       0
                                              0 COMRAM     2     2      0
 ---------------------------------------------------------------------------------
 Estimated maximum stack depth 0
 ---------------------------------------------------------------------------------

 Call Graph Graphs:

 _main (ROOT)

 Address spaces:
Name               Size   Autos  Total    Cost      Usage
BITCOMRAM           7F      0       0       0        0.0%
EEDATA             400      0       0       0        0.0%
NULL                 0      0       0       0        0.0%
CODE                 0      0       0       0        0.0%
COMRAM              7F      2       2       1        1.6%
STACK                0      0       0       2        0.0%
DATA                 0      0       0       3        0.0%
BITBANK0            80      0       0       4        0.0%
BANK0               80      0       0       5        0.0%
ABS                  0      0       0       6        0.0%
BITBANK1           100      0       0       7        0.0%
BANK1              100      0       0       8        0.0%
BITBANK2           100      0       0       9        0.0%
BANK2              100      0       0      10        0.0%
BITBANK3           100      0       0      11        0.0%
BANK3              100      0       0      12        0.0%
BITBANK4           100      0       0      13        0.0%
BANK4              100      0       0      14        0.0%
BITBANK5           100      0       0      15        0.0%
BANK5              100      0       0      16        0.0%
BITBANK6           100      0       0      17        0.0%
BANK6              100      0       0      18        0.0%
BITBANK7           100      0       0      19        0.0%
BANK7              100      0       0      20        0.0%
BITBANK8           100      0       0      21        0.0%
BANK8              100      0       0      22        0.0%
BITBANK9           100      0       0      23        0.0%
BANK9              100      0       0      24        0.0%
BITBANK10          100      0       0      25        0.0%
BANK10             100      0       0      26        0.0%
BITBANK11          100      0       0      27        0.0%
BANK11             100      0       0      28        0.0%
BITBANK12          100      0       0      29        0.0%
BANK12             100      0       0      30        0.0%
BITBANK13          100      0       0      31        0.0%
BANK13             100      0       0      32        0.0%
BITBANK14           F4      0       0      33        0.0%
BANK14              F4      0       0      34        0.0%
BITBANK15           80      0       0      35        0.0%
BANK15              80      0       0      36        0.0%
BIGRAM_1            80      0       0      37        0.0%
BIGRAM             EF3      0       0      38        0.0%
BITSFR_5             0      0       0     200        0.0%
SFR_5                0      0       0     200        0.0%
BITSFR_4             0      0       0     200        0.0%
SFR_4                0      0       0     200        0.0%
BITSFR_3             0      0       0     200        0.0%
SFR_3                0      0       0     200        0.0%
BITSFR_2             0      0       0     200        0.0%
SFR_2                0      0       0     200        0.0%
BITSFR_1             0      0       0     200        0.0%
SFR_1                0      0       0     200        0.0%
BITSFR               0      0       0     200        0.0%
SFR                  0      0       0     200        0.0%


Microchip Technology PIC18 Macro Assembler V2.10 build 88905656 
Symbol Table                                                                                   Sat Sep 14 00:24:37 2019

                     u10 FCD8                       u11 FCD2                       u20 FCFC  
                     u21 FCF6                       u16 FCDA                       u26 FCFE  
                     u37 FD1C              __CFG_BORV$3 000000             __CFG_CP0$OFF 000000  
           __CFG_CP1$OFF 000000             __CFG_CP2$OFF 000000             __CFG_CP3$OFF 000000  
            __CFG_OSC$HS 000000              __CFG_LVP$ON 000000              __CFG_WDT$ON 000000  
                    l701 FCEC                      l703 FD12                      l691 FCBE  
                    l693 FCC0                      l695 FCC4                      l697 FCC6  
                    l699 FCC8             __CFG_CPB$OFF 000000             __CFG_CPD$OFF 000000  
                    wreg 000FE8                     _main FCBE                     start 0000  
          __CFG_IESO$OFF 000000            __CFG_MCLRE$ON 000000             ___param_bank 000000  
                  ?_main 0001                    _TRISB 000F93                    _TRISD 000F95  
          __CFG_PWRT$OFF 000000            __CFG_WRT0$OFF 000000            __CFG_WRT1$OFF 000000  
          __CFG_WRT2$OFF 000000            __CFG_WRT3$OFF 000000           __CFG_EBTR0$OFF 000000  
         __CFG_FCMEN$OFF 000000           __CFG_EBTR1$OFF 000000           __CFG_EBTR2$OFF 000000  
         __CFG_EBTR3$OFF 000000            __CFG_WRTB$OFF 000000            __CFG_WRTC$OFF 000000  
          __CFG_WRTD$OFF 000000           __CFG_EBTRB$OFF 000000          __initialization FCB8  
           __end_of_main FD30                   ??_main 0001            __activetblptr 000000  
         __CFG_XINST$OFF 000000           __CFG_STVREN$ON 000000               __accesstop 0080  
__end_of__initialization FCB8          __CFG_PBADEN$OFF 000000            ___rparam_used 000001  
         __pcstackCOMRAM 0001                  __Hparam 0000                  __Lparam 0000  
                __pcinit FCB8                  __ramtop 1000                  __ptext0 FCBE  
   end_of_initialization FCB8      start_initialization FCB8         __CFG_LPT1OSC$OFF 000000  
      __CFG_CCP2MX$PORTC 000000                 _LATDbits 000F8C         __CFG_WDTPS$32768 000000  
               __Hrparam 0000                 __Lrparam 0000       __CFG_BOREN$SBORDIS 000000  
          __size_of_main 0072  
