

Microchip MPLAB XC8 Assembler V2.10 build 88905656 
                                                                                               Sat Oct  5 01:35:54 2019

Microchip MPLAB XC8 C Compiler v2.10 (Free license) build 20190730164152 Og1 
     1                           	processor	18F4620
     2                           	fnconf	rparam,??,?,0
     3                           	opt	pw 120
     4                           	opt	flic
     5                           	psect	cinit,global,reloc=2,class=CODE,delta=1
     6                           	psect	cstackCOMRAM,global,class=COMRAM,space=1,delta=1,noexec
     7                           	psect	text0,global,reloc=2,class=CODE,delta=1
     8                           	psect	intcode,global,reloc=2,class=CODE,delta=1
     9                           	psect	intcode_body,global,reloc=2,class=CODE,delta=1
    10                           	psect	intsave_regs,global,class=BIGRAM,space=1,delta=1,noexec
    11                           	psect	rparam,global,class=COMRAM,space=1,delta=1,noexec
    12                           	psect	temp,global,ovrld,common,class=COMRAM,space=1,delta=1
    13  0000                     
    14                           ; Version 2.10
    15                           ; Generated 31/07/2019 GMT
    16                           ; 
    17                           ; Copyright © 2019, Microchip Technology Inc. and its subsidiaries ("Microchip")
    18                           ; All rights reserved.
    19                           ; 
    20                           ; This software is developed by Microchip Technology Inc. and its subsidiaries ("Microch
      +                          ip").
    21                           ; 
    22                           ; Redistribution and use in source and binary forms, with or without modification, are
    23                           ; permitted provided that the following conditions are met:
    24                           ; 
    25                           ;     1. Redistributions of source code must retain the above copyright notice, this lis
      +                          t of
    26                           ;        conditions and the following disclaimer.
    27                           ; 
    28                           ;     2. Redistributions in binary form must reproduce the above copyright notice, this 
      +                          list
    29                           ;        of conditions and the following disclaimer in the documentation and/or other
    30                           ;        materials provided with the distribution.
    31                           ; 
    32                           ;     3. Microchip's name may not be used to endorse or promote products derived from th
      +                          is
    33                           ;        software without specific prior written permission.
    34                           ; 
    35                           ; THIS SOFTWARE IS PROVIDED BY MICROCHIP "AS IS" AND ANY EXPRESS OR IMPLIED WARRANTIES,
    36                           ; INCLUDING, BUT NOT LIMITED TO, THE IMPLIED WARRANTIES OF MERCHANTABILITY AND FITNESS F
      +                          OR
    37                           ; PURPOSE ARE DISCLAIMED.  IN NO EVENT SHALL MICROCHIP BE LIABLE FOR ANY DIRECT, INDIREC
      +                          T,
    38                           ; INCIDENTAL, SPECIAL, EXEMPLARY, OR CONSEQUENTIAL DAMAGES (INCLUDING BUT NOT LIMITED TO
    39                           ; PROCUREMENT OF SUBSTITUTE GOODS OR SERVICES; LOSS OF USE, DATA OR PROFITS; OR BUSINESS
    40                           ; INTERRUPTION) HOWSOEVER CAUSED AND ON ANY THEORY OF LIABILITY, WHETHER IN CONTRACT, ST
      +                          RICT
    41                           ; LIABILITY, OR TORT (INCLUDING NEGLIGENCE OR OTHERWISE) ARISING IN ANY WAY OUT OF THE U
      +                          SE OF
    42                           ; THIS SOFTWARE, EVEN IF ADVISED OF THE POSSIBILITY OF SUCH DAMAGE.
    43                           ; 
    44                           ; 
    45                           ; Code-generator required, PIC18F4620 Definitions
    46                           ; 
    47                           ; SFR Addresses
    48  0000                     _INTCON	set	4082
    49  0000                     _TRISD	set	3989
    50  0000                     _LATD	set	3980
    51  0000                     _PORTB	set	3969
    52  0000                     _RBIF	set	32656
    53  0000                     _GIE	set	32663
    54                           
    55                           ; #config settings
    56  0000                     
    57                           	psect	cinit
    58  00008E                     __pcinit:
    59                           	opt callstack 0
    60  00008E                     start_initialization:
    61                           	opt callstack 0
    62  00008E                     __initialization:
    63                           	opt callstack 0
    64  00008E                     end_of_initialization:
    65                           	opt callstack 0
    66  00008E                     __end_of__initialization:
    67                           	opt callstack 0
    68  00008E  9003               	bcf	int$flags,0,c	;clear compiler interrupt flag (level 1)
    69  000090  9203               	bcf	int$flags,1,c	;clear compiler interrupt flag (level 2)
    70  000092  0100               	movlb	0
    71  000094  EF3D  F000         	goto	_main	;jump to C main() function
    72                           
    73                           	psect	cstackCOMRAM
    74  000001                     __pcstackCOMRAM:
    75                           	opt callstack 0
    76  000001                     ??_isr:
    77  000001                     
    78                           ; 1 bytes @ 0x0
    79  000001                     	ds	2
    80  000003                     
    81                           ; 1 bytes @ 0x2
    82 ;;
    83 ;;Main: autosize = 0, tempsize = 0, incstack = 0, save=0
    84 ;;
    85 ;; *************** function _main *****************
    86 ;; Defined at:
    87 ;;		line 34 in file "main.c"
    88 ;; Parameters:    Size  Location     Type
    89 ;;		None
    90 ;; Auto vars:     Size  Location     Type
    91 ;;		None
    92 ;; Return value:  Size  Location     Type
    93 ;;                  1    wreg      void 
    94 ;; Registers used:
    95 ;;		wreg, status,2
    96 ;; Tracked objects:
    97 ;;		On entry : 0/0
    98 ;;		On exit  : 0/0
    99 ;;		Unchanged: 0/0
   100 ;; Data sizes:     COMRAM   BANK0   BANK1   BANK2   BANK3   BANK4   BANK5   BANK6   BANK7   BANK8   BANK9  BANK10  BANK1
      +1  BANK12  BANK13  BANK14  BANK15
   101 ;;      Params:         0       0       0       0       0       0       0       0       0       0       0       0       
      +0       0       0       0       0
   102 ;;      Locals:         0       0       0       0       0       0       0       0       0       0       0       0       
      +0       0       0       0       0
   103 ;;      Temps:          0       0       0       0       0       0       0       0       0       0       0       0       
      +0       0       0       0       0
   104 ;;      Totals:         0       0       0       0       0       0       0       0       0       0       0       0       
      +0       0       0       0       0
   105 ;;Total ram usage:        0 bytes
   106 ;; Hardware stack levels required when called:    1
   107 ;; This function calls:
   108 ;;		Nothing
   109 ;; This function is called by:
   110 ;;		Startup code after reset
   111 ;; This function uses a non-reentrant model
   112 ;;
   113                           
   114                           	psect	text0
   115  00007A                     __ptext0:
   116                           	opt callstack 0
   117  00007A                     _main:
   118                           	opt callstack 30
   119  00007A                     
   120                           ;main.c: 35:     LATD = 0x00;
   121  00007A  0E00               	movlw	0
   122  00007C  6E8C               	movwf	140,c	;volatile
   123                           
   124                           ;main.c: 36:     TRISD = 0x00;
   125  00007E  0E00               	movlw	0
   126  000080  6E95               	movwf	149,c	;volatile
   127                           
   128                           ;main.c: 37:     INTCON = 0xC8;
   129  000082  0EC8               	movlw	200
   130  000084  6EF2               	movwf	242,c	;volatile
   131  000086                     l27:
   132  000086  EF43  F000         	goto	l27
   133  00008A  EF07  F000         	goto	start
   134  00008E                     __end_of_main:
   135                           	opt callstack 0
   136                           
   137 ;; *************** function _isr *****************
   138 ;; Defined at:
   139 ;;		line 10 in file "main.c"
   140 ;; Parameters:    Size  Location     Type
   141 ;;		None
   142 ;; Auto vars:     Size  Location     Type
   143 ;;		None
   144 ;; Return value:  Size  Location     Type
   145 ;;                  1    wreg      void 
   146 ;; Registers used:
   147 ;;		wreg, status,2, status,0, prodl, prodh
   148 ;; Tracked objects:
   149 ;;		On entry : 0/0
   150 ;;		On exit  : 0/0
   151 ;;		Unchanged: 0/0
   152 ;; Data sizes:     COMRAM   BANK0   BANK1   BANK2   BANK3   BANK4   BANK5   BANK6   BANK7   BANK8   BANK9  BANK10  BANK1
      +1  BANK12  BANK13  BANK14  BANK15
   153 ;;      Params:         0       0       0       0       0       0       0       0       0       0       0       0       
      +0       0       0       0       0
   154 ;;      Locals:         0       0       0       0       0       0       0       0       0       0       0       0       
      +0       0       0       0       0
   155 ;;      Temps:          2       0       0       0       0       0       0       0       0       0       0       0       
      +0       0       0       0       0
   156 ;;      Totals:         2       0       0       0       0       0       0       0       0       0       0       0       
      +0       0       0       0       0
   157 ;;Total ram usage:        2 bytes
   158 ;; Hardware stack levels used:    1
   159 ;; This function calls:
   160 ;;		Nothing
   161 ;; This function is called by:
   162 ;;		Interrupt level 2
   163 ;; This function uses a non-reentrant model
   164 ;;
   165                           
   166                           	psect	intcode
   167  000008                     __pintcode:
   168                           	opt callstack 0
   169  000008                     _isr:
   170                           	opt callstack 30
   171                           
   172                           ;incstack = 0
   173  000008  8203               	bsf	int$flags,1,c	;set compiler interrupt flag (level 2)
   174  00000A  ED09  F000         	call	int_func,f	;refresh shadow registers
   175                           
   176                           	psect	intcode_body
   177  000012                     __pintcode_body:
   178                           	opt callstack 30
   179  000012                     int_func:
   180                           	opt callstack 30
   181  000012  0006               	pop		; remove dummy address from shadow register refresh
   182  000014  CFF3 F001          	movff	prodl,??_isr
   183  000018  CFF4 F002          	movff	prodh,??_isr+1
   184  00001C                     
   185                           ;main.c: 12:  GIE = 0;
   186  00001C  9EF2               	bcf	4082,7,c	;volatile
   187  00001E                     
   188                           ;main.c: 13:  if(PORTB)
   189  00001E  5081               	movf	129,w,c	;volatile
   190  000020  B4D8               	btfsc	status,2,c
   191  000022  EF15  F000         	goto	i2u1_41
   192  000026  EF17  F000         	goto	i2u1_40
   193  00002A                     i2u1_41:
   194  00002A  EF33  F000         	goto	i2l720
   195  00002E                     i2u1_40:
   196  00002E                     
   197                           ;main.c: 14:  {;main.c: 15:     if(LATD == 0x00) LATD = 0x01;
   198  00002E  508C               	movf	140,w,c	;volatile
   199  000030  A4D8               	btfss	status,2,c
   200  000032  EF1D  F000         	goto	i2u2_41
   201  000036  EF1F  F000         	goto	i2u2_40
   202  00003A                     i2u2_41:
   203  00003A  EF23  F000         	goto	i2l714
   204  00003E                     i2u2_40:
   205  00003E  0E01               	movlw	1
   206  000040  6E8C               	movwf	140,c	;volatile
   207  000042  EF33  F000         	goto	i2l720
   208  000046                     i2l714:
   209  000046  0E80               	movlw	128
   210  000048  608C               	cpfslt	140,c	;volatile
   211  00004A  EF29  F000         	goto	i2u3_41
   212  00004E  EF2B  F000         	goto	i2u3_40
   213  000052                     i2u3_41:
   214  000052  EF31  F000         	goto	i2l718
   215  000056                     i2u3_40:
   216  000056  508C               	movf	140,w,c	;volatile
   217  000058  0D02               	mullw	2
   218  00005A  CFF3 FF8C          	movff	prodl,3980	;volatile
   219  00005E  EF33  F000         	goto	i2l720
   220  000062                     i2l718:
   221  000062  0E00               	movlw	0
   222  000064  6E8C               	movwf	140,c	;volatile
   223  000066                     i2l720:
   224                           
   225                           ;main.c: 19:  PORTB = PORTB;
   226  000066  CF81 FF81          	movff	3969,3969	;volatile
   227  00006A                     
   228                           ;main.c: 20:  RBIF = 0;
   229  00006A  90F2               	bcf	4082,0,c	;volatile
   230  00006C                     
   231                           ;main.c: 21:  GIE = 1;
   232  00006C  8EF2               	bsf	4082,7,c	;volatile
   233  00006E  C002  FFF4         	movff	??_isr+1,prodh
   234  000072  C001  FFF3         	movff	??_isr,prodl
   235  000076  9203               	bcf	int$flags,1,c	;clear compiler interrupt flag (level 2)
   236  000078  0011               	retfie		f
   237  00007A                     __end_of_isr:
   238                           	opt callstack 0
   239  0000                     
   240                           	psect	rparam
   241  0000                     
   242                           	psect	temp
   243  000003                     btemp:
   244                           	opt callstack 0
   245  000003                     	ds	1
   246  0000                     int$flags	set	btemp
   247  0000                     wtemp8	set	btemp+1
   248  0000                     ttemp5	set	btemp+1
   249  0000                     ttemp6	set	btemp+4
   250  0000                     ttemp7	set	btemp+8
   251                           tosu	equ	0xFFF
   252                           tosh	equ	0xFFE
   253                           tosl	equ	0xFFD
   254                           stkptr	equ	0xFFC
   255                           pclatu	equ	0xFFB
   256                           pclath	equ	0xFFA
   257                           pcl	equ	0xFF9
   258                           tblptru	equ	0xFF8
   259                           tblptrh	equ	0xFF7
   260                           tblptrl	equ	0xFF6
   261                           tablat	equ	0xFF5
   262                           prodh	equ	0xFF4
   263                           prodl	equ	0xFF3
   264                           indf0	equ	0xFEF
   265                           postinc0	equ	0xFEE
   266                           postdec0	equ	0xFED
   267                           preinc0	equ	0xFEC
   268                           plusw0	equ	0xFEB
   269                           fsr0h	equ	0xFEA
   270                           fsr0l	equ	0xFE9
   271                           wreg	equ	0xFE8
   272                           indf1	equ	0xFE7
   273                           postinc1	equ	0xFE6
   274                           postdec1	equ	0xFE5
   275                           preinc1	equ	0xFE4
   276                           plusw1	equ	0xFE3
   277                           fsr1h	equ	0xFE2
   278                           fsr1l	equ	0xFE1
   279                           bsr	equ	0xFE0
   280                           indf2	equ	0xFDF
   281                           postinc2	equ	0xFDE
   282                           postdec2	equ	0xFDD
   283                           preinc2	equ	0xFDC
   284                           plusw2	equ	0xFDB
   285                           fsr2h	equ	0xFDA
   286                           fsr2l	equ	0xFD9
   287                           status	equ	0xFD8


Data Sizes:
    Strings     0
    Constant    0
    Data        0
    BSS         0
    Persistent  0
    Stack       0

Auto Spaces:
    Space          Size  Autos    Used
    COMRAM          126      2       2
    BANK0           128      0       0
    BANK1           256      0       0
    BANK2           256      0       0
    BANK3           256      0       0
    BANK4           256      0       0
    BANK5           256      0       0
    BANK6           256      0       0
    BANK7           256      0       0
    BANK8           256      0       0
    BANK9           256      0       0
    BANK10          256      0       0
    BANK11          256      0       0
    BANK12          256      0       0
    BANK13          256      0       0
    BANK14          256      0       0
    BANK15          128      0       0

Pointer List with Targets:

    None.

Critical Paths under _main in COMRAM

    None.

Critical Paths under _isr in COMRAM

    None.

Critical Paths under _main in BANK0

    None.

Critical Paths under _isr in BANK0

    None.

Critical Paths under _main in BANK1

    None.

Critical Paths under _isr in BANK1

    None.

Critical Paths under _main in BANK2

    None.

Critical Paths under _isr in BANK2

    None.

Critical Paths under _main in BANK3

    None.

Critical Paths under _isr in BANK3

    None.

Critical Paths under _main in BANK4

    None.

Critical Paths under _isr in BANK4

    None.

Critical Paths under _main in BANK5

    None.

Critical Paths under _isr in BANK5

    None.

Critical Paths under _main in BANK6

    None.

Critical Paths under _isr in BANK6

    None.

Critical Paths under _main in BANK7

    None.

Critical Paths under _isr in BANK7

    None.

Critical Paths under _main in BANK8

    None.

Critical Paths under _isr in BANK8

    None.

Critical Paths under _main in BANK9

    None.

Critical Paths under _isr in BANK9

    None.

Critical Paths under _main in BANK10

    None.

Critical Paths under _isr in BANK10

    None.

Critical Paths under _main in BANK11

    None.

Critical Paths under _isr in BANK11

    None.

Critical Paths under _main in BANK12

    None.

Critical Paths under _isr in BANK12

    None.

Critical Paths under _main in BANK13

    None.

Critical Paths under _isr in BANK13

    None.

Critical Paths under _main in BANK14

    None.

Critical Paths under _isr in BANK14

    None.

Critical Paths under _main in BANK15

    None.

Critical Paths under _isr in BANK15

    None.

Call Graph Tables:

 ---------------------------------------------------------------------------------
 (Depth) Function   	        Calls       Base Space   Used Autos Params    Refs
 ---------------------------------------------------------------------------------
 (0) _main                                                 0     0      0       0
 ---------------------------------------------------------------------------------
 Estimated maximum stack depth 0
 ---------------------------------------------------------------------------------
 (Depth) Function   	        Calls       Base Space   Used Autos Params    Refs
 ---------------------------------------------------------------------------------
 (1) _isr                                                  2     2      0       0
                                              0 COMRAM     2     2      0
 ---------------------------------------------------------------------------------
 Estimated maximum stack depth 1
 ---------------------------------------------------------------------------------

 Call Graph Graphs:

 _main (ROOT)

 _isr (ROOT)

 Address spaces:
Name               Size   Autos  Total    Cost      Usage
BITCOMRAM           7E      0       0       0        0.0%
EEDATA             400      0       0       0        0.0%
NULL                 0      0       0       0        0.0%
CODE                 0      0       0       0        0.0%
COMRAM              7E      2       2       1        1.6%
STACK                0      0       0       2        0.0%
DATA                 0      0       0       3        0.0%
BITBANK0            80      0       0       4        0.0%
BANK0               80      0       0       5        0.0%
BITBANK1           100      0       0       6        0.0%
BANK1              100      0       0       7        0.0%
BITBANK2           100      0       0       8        0.0%
BANK2              100      0       0       9        0.0%
BITBANK3           100      0       0      10        0.0%
BANK3              100      0       0      11        0.0%
BITBANK4           100      0       0      12        0.0%
BANK4              100      0       0      13        0.0%
BITBANK5           100      0       0      14        0.0%
BANK5              100      0       0      15        0.0%
BITBANK6           100      0       0      16        0.0%
BANK6              100      0       0      17        0.0%
BITBANK7           100      0       0      18        0.0%
BANK7              100      0       0      19        0.0%
BITBANK8           100      0       0      20        0.0%
BANK8              100      0       0      21        0.0%
BITBANK9           100      0       0      22        0.0%
BANK9              100      0       0      23        0.0%
BITBANK10          100      0       0      24        0.0%
BANK10             100      0       0      25        0.0%
BITBANK11          100      0       0      26        0.0%
BANK11             100      0       0      27        0.0%
BITBANK12          100      0       0      28        0.0%
BANK12             100      0       0      29        0.0%
BITBANK13          100      0       0      30        0.0%
BANK13             100      0       0      31        0.0%
BITBANK14          100      0       0      32        0.0%
BANK14             100      0       0      33        0.0%
ABS                  0      0       0      34        0.0%
BITBANK15           80      0       0      35        0.0%
BANK15              80      0       0      36        0.0%
BIGRAM             F7F      0       0      37        0.0%
BITSFR               0      0       0     200        0.0%
SFR                  0      0       0     200        0.0%


Microchip Technology PIC18 Macro Assembler V2.10 build 88905656 
Symbol Table                                                                                   Sat Oct  5 01:35:54 2019

                     l27 0086                       l28 0086              __CFG_BORV$3 000000  
           __CFG_CP0$OFF 000000             __CFG_CP1$OFF 000000             __CFG_CP2$OFF 000000  
           __CFG_CP3$OFF 000000              __CFG_LVP$ON 000000              __CFG_WDT$ON 000000  
                    l726 007A                      _GIE 007F97             __CFG_CPB$OFF 000000  
           __CFG_CPD$OFF 000000                      _isr 0008                     ?_isr 0001  
                   _LATD 000F8C                     _RBIF 007F90                     i2l22 006E  
                   _main 007A                     btemp 0003                     prodh 000FF4  
                   prodl 000FF3                     start 000E            __CFG_IESO$OFF 000000  
          __CFG_MCLRE$ON 000000             ___param_bank 000000                    ??_isr 0001  
                  ?_main 0001                    i2l710 002E                    i2l712 003E  
                  i2l720 0066                    i2l722 006A                    i2l714 0046  
                  i2l706 001C                    i2l724 006C                    i2l716 0056  
                  i2l708 001E                    i2l718 0062                    _PORTB 000F81  
                  _TRISD 000F95            __CFG_PWRT$OFF 000000            __CFG_WRT0$OFF 000000  
          __CFG_WRT1$OFF 000000            __CFG_WRT2$OFF 000000            __CFG_WRT3$OFF 000000  
         __CFG_EBTR0$OFF 000000           __CFG_FCMEN$OFF 000000           __CFG_EBTR1$OFF 000000  
         __CFG_EBTR2$OFF 000000           __CFG_EBTR3$OFF 000000            __CFG_WRTB$OFF 000000  
          __CFG_WRTC$OFF 000000            __CFG_WRTD$OFF 000000           __CFG_EBTRB$OFF 000000  
                  ttemp5 0004                    ttemp6 0007                    ttemp7 000B  
                  status 000FD8                    wtemp8 0004          __initialization 008E  
           __end_of_main 008E                   ??_main 0003            __activetblptr 000000  
                 _INTCON 000FF2                   i2u1_40 002E                   i2u1_41 002A  
                 i2u2_40 003E                   i2u2_41 003A                   i2u3_40 0056  
                 i2u3_41 0052           __CFG_XINST$OFF 000000           __CFG_STVREN$ON 000000  
             __accesstop 0080  __end_of__initialization 008E          __CFG_PBADEN$OFF 000000  
          ___rparam_used 000001           __pcstackCOMRAM 0001                  __Hparam 0000  
                __Lparam 0000                  __pcinit 008E                  __ramtop 1000  
                __ptext0 007A             __size_of_isr 0072           __pintcode_body 0012  
   end_of_initialization 008E                  int_func 0012      start_initialization 008E  
            __end_of_isr 007A         __CFG_OSC$INTIO67 000000         __CFG_LPT1OSC$OFF 000000  
      __CFG_CCP2MX$PORTC 000000                __pintcode 0008         __CFG_WDTPS$32768 000000  
               __Hrparam 0000                 __Lrparam 0000       __CFG_BOREN$SBORDIS 000000  
          __size_of_main 0014                 int$flags 0003                 intlevel2 0000  
